<?xml version="1.0" encoding="UTF-8"?>
<testng-results skipped="0" failed="0" ignored="0" total="1" passed="1">
  <reporter-output>
  </reporter-output>
  <suite name="Default suite" duration-ms="205076" started-at="2019-08-20T19:44:02Z" finished-at="2019-08-20T19:47:27Z">
    <groups>
    </groups>
    <test name="Default test" duration-ms="205076" started-at="2019-08-20T19:44:02Z" finished-at="2019-08-20T19:47:27Z">
      <class name="assignment.Scenario8_BangleSize">
        <test-method status="PASS" signature="test()[pri:0, instance:assignment.Scenario8_BangleSize@4883b407]" name="test" duration-ms="205013" started-at="2019-08-20T19:44:02Z" finished-at="2019-08-20T19:47:27Z">
          <reporter-output>
          </reporter-output>
        </test-method> <!-- test -->
      </class> <!-- assignment.Scenario8_BangleSize -->
    </test> <!-- Default test -->
  </suite> <!-- Default suite -->
</testng-results>
